9001_f_wm_s01_9001_en_1 9001
9001_f_wm_s01_9002_en_1 9001
9003_m_wm_s01_9003_en_1 9003
9003_m_wm_s01_9004_en_1 9003
9005_m_wm_s01_9005_en_1 9005
9005_m_wm_s01_9006_en_1 9005
9007_m_wm_s01_9007_en_1 9007
9007_m_wm_s01_9008_en_1 9007
9009_m_wm_s01_9009_en_1 9009
9009_m_wm_s01_9010_en_1 9009
9011_m_wm_s01_9011_en_1 9011
9011_m_wm_s01_9012_en_1 9011
9013_f_wm_s01_9013_en_1 9013
9013_f_wm_s01_9014_en_1 9013
9015_f_wm_s01_9015_en_1 9015
9015_f_wm_s01_9016_en_1 9015
9017_f_wm_s01_9017_en_1 9017
9017_f_wm_s01_9018_en_1 9017
9019_f_wm_s01_9019_en_1 9019
9019_f_wm_s01_9020_en_1 9019
9021_m_wm_s05_9021_en_1 9021
9021_m_wm_s05_9022_en_1 9021
9023_f_wm_s05_9023_en_1 9023
9023_f_wm_s05_9024_en_1 9023
9025_m_wm_s05_9025_en_1 9025
9025_m_wm_s05_9026_en_1 9025
9027_m_wm_s05_9027_en_1 9027
9027_m_wm_s05_9028_en_1 9027
9029_f_wm_s05_9029_en_1 9029
9029_f_wm_s05_9030_en_1 9029
9031_f_wm_s05_9031_en_1 9031
9031_f_wm_s05_9032_en_1 9031
9033_m_wm_s05_9033_en_1 9033
9033_m_wm_s05_9034_en_1 9033
9035_m_wm_s05_9035_en_1 9035
9035_m_wm_s05_9036_en_1 9035
9037_f_wm_s05_9037_en_1 9037
9037_f_wm_s05_9038_en_1 9037
9039_f_wm_s05_9039_en_1 9039
9039_f_wm_s05_9040_en_1 9039
9041_m_wm_s09_9041_en_1 9041
9041_m_wm_s09_9042_en_1 9041
9043_f_wm_s09_9043_en_1 9043
9043_f_wm_s09_9044_en_1 9043
9045_m_wm_s09_9045_en_1 9045
9045_m_wm_s09_9046_en_1 9045
9047_f_wm_s09_9047_en_1 9047
9047_f_wm_s09_9048_en_1 9047
9049_m_wm_s09_9049_en_1 9049
9049_m_wm_s09_9050_en_1 9049
9051_m_wm_s09_9051_en_1 9051
9051_m_wm_s09_9052_en_1 9051
9053_f_wm_s09_9053_en_1 9053
9053_f_wm_s09_9054_en_1 9053
9055_f_wm_s09_9055_en_1 9055
9055_f_wm_s09_9056_en_1 9055
9057_m_wm_s09_9057_en_1 9057
9057_m_wm_s09_9058_en_1 9057
9059_f_wm_s09_9059_en_1 9059
9059_f_wm_s09_9060_en_1 9059
